<?xml version="1.0" encoding="UTF-8"?>
<testng-results ignored="1" total="5" passed="4" failed="0" skipped="0">
  <reporter-output>
  </reporter-output>
  <suite started-at="2022-11-23T17:01:05 IST" name="Suite" finished-at="2022-11-23T17:01:06 IST" duration-ms="159">
    <groups>
      <group name="fruit">
        <method signature="NewTest.f()[pri:0, instance:com.Testng2.NewTest@62230c58]" name="f" class="com.Testng2.NewTest"/>
      </group> <!-- fruit -->
      <group name="vegetables">
        <method signature="NewTest.v3()[pri:0, instance:com.Testng2.NewTest@62230c58]" name="v3" class="com.Testng2.NewTest"/>
        <method signature="NewTest.v4()[pri:0, instance:com.Testng2.NewTest@62230c58]" name="v4" class="com.Testng2.NewTest"/>
      </group> <!-- vegetables -->
      <group name="carrot">
        <method signature="NewTest.v2()[pri:0, instance:com.Testng2.NewTest@62230c58]" name="v2" class="com.Testng2.NewTest"/>
      </group> <!-- carrot -->
    </groups>
    <test started-at="2022-11-23T17:01:05 IST" name="Test" finished-at="2022-11-23T17:01:06 IST" duration-ms="159">
      <class name="com.Testng2.NewTest">
        <test-method signature="f()[pri:0, instance:com.Testng2.NewTest@62230c58]" started-at="2022-11-23T17:01:05 IST" name="f" finished-at="2022-11-23T17:01:05 IST" duration-ms="18" status="PASS">
          <reporter-output>
          </reporter-output>
        </test-method> <!-- f -->
        <test-method signature="v2()[pri:0, instance:com.Testng2.NewTest@62230c58]" started-at="2022-11-23T17:01:05 IST" name="v2" finished-at="2022-11-23T17:01:05 IST" duration-ms="5" status="PASS">
          <reporter-output>
          </reporter-output>
        </test-method> <!-- v2 -->
        <test-method signature="v3()[pri:0, instance:com.Testng2.NewTest@62230c58]" started-at="2022-11-23T17:01:05 IST" name="v3" finished-at="2022-11-23T17:01:05 IST" duration-ms="10" status="PASS">
          <reporter-output>
          </reporter-output>
        </test-method> <!-- v3 -->
        <test-method signature="v4()[pri:0, instance:com.Testng2.NewTest@62230c58]" started-at="2022-11-23T17:01:06 IST" name="v4" finished-at="2022-11-23T17:01:06 IST" duration-ms="9" status="PASS">
          <reporter-output>
          </reporter-output>
        </test-method> <!-- v4 -->
      </class> <!-- com.Testng2.NewTest -->
    </test> <!-- Test -->
  </suite> <!-- Suite -->
</testng-results>
