<?xml version="1.0" encoding="UTF-8"?>
<!-- Generated by org.testng.reporters.JUnitXMLReporter -->
<testsuite ignored="1" hostname="DESKTOP-CA0J4UF" failures="0" tests="4" name="Test" time="0.159" errors="0" timestamp="2022-11-23T17:01:06 IST">
  <testcase classname="com.Testng2.NewTest" name="f" time="0.018"/>
  <testcase classname="com.Testng2.NewTest" name="v2" time="0.005"/>
  <testcase classname="com.Testng2.NewTest" name="v3" time="0.01"/>
  <testcase classname="com.Testng2.NewTest" name="v4" time="0.009"/>
  <testcase classname="com.Testng2.NewTest" name="v" time="0.0">
    <ignored/>
  </testcase> <!-- v -->
</testsuite> <!-- Test -->
